\BOOKMARK [0][-]{chapter.1}{Introduction}{}% 1
\BOOKMARK [1][-]{section.1.1}{Prospective Memory error}{chapter.1}% 2
\BOOKMARK [1][-]{section.1.2}{Project goals}{chapter.1}% 3
\BOOKMARK [1][-]{section.1.3}{Structure of dissertation}{chapter.1}% 4
\BOOKMARK [0][-]{chapter.2}{Literature Review}{}% 5
\BOOKMARK [1][-]{section.2.1}{Prospective memory and retrospective memory}{chapter.2}% 6
\BOOKMARK [1][-]{section.2.2}{Cognitive process of prospective memory}{chapter.2}% 7
\BOOKMARK [1][-]{section.2.3}{prospective memory error}{chapter.2}% 8
\BOOKMARK [1][-]{section.2.4}{Prospective memory and intention}{chapter.2}% 9
\BOOKMARK [1][-]{section.2.5}{Prospective memory and attention}{chapter.2}% 10
\BOOKMARK [1][-]{section.2.6}{Prospective memory error at event Boundaries}{chapter.2}% 11
\BOOKMARK [1][-]{section.2.7}{Previous research}{chapter.2}% 12
\BOOKMARK [0][-]{chapter.3}{Experiment and Application Design}{}% 13
\BOOKMARK [1][-]{section.3.1}{Experiment Design}{chapter.3}% 14
\BOOKMARK [2][-]{subsection.3.1.1}{Participant}{section.3.1}% 15
\BOOKMARK [2][-]{subsection.3.1.2}{Procedure}{section.3.1}% 16
\BOOKMARK [2][-]{subsection.3.1.3}{Goal}{section.3.1}% 17
\BOOKMARK [2][-]{subsection.3.1.4}{Question}{section.3.1}% 18
\BOOKMARK [2][-]{subsection.3.1.5}{Demographic question}{section.3.1}% 19
\BOOKMARK [2][-]{subsection.3.1.6}{Input Data}{section.3.1}% 20
\BOOKMARK [2][-]{subsection.3.1.7}{Consent form}{section.3.1}% 21
\BOOKMARK [2][-]{subsection.3.1.8}{Participant information sheet}{section.3.1}% 22
\BOOKMARK [1][-]{section.3.2}{Android application and web server}{chapter.3}% 23
\BOOKMARK [1][-]{section.3.3}{Requirement}{chapter.3}% 24
\BOOKMARK [1][-]{section.3.4}{Application Design}{chapter.3}% 25
\BOOKMARK [2][-]{subsection.3.4.1}{Input and output}{section.3.4}% 26
\BOOKMARK [2][-]{subsection.3.4.2}{Application entities}{section.3.4}% 27
\BOOKMARK [2][-]{subsection.3.4.3}{Application flow}{section.3.4}% 28
\BOOKMARK [2][-]{subsection.3.4.4}{Notification design}{section.3.4}% 29
\BOOKMARK [2][-]{subsection.3.4.5}{tracked variable}{section.3.4}% 30
\BOOKMARK [0][-]{chapter.4}{Implementation}{}% 31
\BOOKMARK [1][-]{section.4.1}{Entities relationship}{chapter.4}% 32
\BOOKMARK [2][-]{subsection.4.1.1}{Study Class}{section.4.1}% 33
\BOOKMARK [2][-]{subsection.4.1.2}{Experiment Class}{section.4.1}% 34
\BOOKMARK [2][-]{subsection.4.1.3}{Category Class}{section.4.1}% 35
\BOOKMARK [2][-]{subsection.4.1.4}{Question Class}{section.4.1}% 36
\BOOKMARK [2][-]{subsection.4.1.5}{BoxNotification class}{section.4.1}% 37
\BOOKMARK [1][-]{section.4.2}{Application flow}{chapter.4}% 38
\BOOKMARK [2][-]{subsection.4.2.1}{Android Activity}{section.4.2}% 39
\BOOKMARK [2][-]{subsection.4.2.2}{expInitialActivity}{section.4.2}% 40
\BOOKMARK [2][-]{subsection.4.2.3}{expSetPropActivity}{section.4.2}% 41
\BOOKMARK [2][-]{subsection.4.2.4}{IntroActivity}{section.4.2}% 42
\BOOKMARK [2][-]{subsection.4.2.5}{ChooseCategoryActivity}{section.4.2}% 43
\BOOKMARK [2][-]{subsection.4.2.6}{QuestionActivity}{section.4.2}% 44
\BOOKMARK [2][-]{subsection.4.2.7}{fillAnswerActivity}{section.4.2}% 45
\BOOKMARK [1][-]{section.4.3}{Notification mechanism}{chapter.4}% 46
\BOOKMARK [1][-]{section.4.4}{Tracker}{chapter.4}% 47
\BOOKMARK [2][-]{subsection.4.4.1}{TTLB and lb\137TTLB}{section.4.4}% 48
\BOOKMARK [2][-]{subsection.4.4.2}{visitedLinks, lb\137visitedLinks, timeVisitedLinks and lb\137timeVisitedLinks}{section.4.4}% 49
\BOOKMARK [2][-]{subsection.4.4.3}{TTLA and TTLFA}{section.4.4}% 50
\BOOKMARK [2][-]{subsection.4.4.4}{numNotif, numNotifClicked and TTLN}{section.4.4}% 51
\BOOKMARK [0][-]{chapter.5}{Experiment Result}{}% 52
\BOOKMARK [1][-]{section.5.1}{Experiment output}{chapter.5}% 53
\BOOKMARK [1][-]{section.5.2}{Data analysis}{chapter.5}% 54
\BOOKMARK [1][-]{section.5.3}{Hypothesis testing}{chapter.5}% 55
\BOOKMARK [1][-]{section.5.4}{Discussion}{chapter.5}% 56
\BOOKMARK [0][-]{appendix*.50}{Bibliography}{}% 57
